#
# A fatal error has been detected by the Java Runtime Environment:
#
#  EXCEPTION_ACCESS_VIOLATION (0xc0000005) at pc=0x00000000763e2b20, pid=5928, tid=0x000000000000327c
#
# JRE version: Java(TM) SE Runtime Environment (8.0_92-b14) (build 1.8.0_92-b14)
# Java VM: Java HotSpot(TM) 64-Bit Server VM (25.92-b14 mixed mode windows-amd64 compressed oops)
# Problematic frame:
# C  [atio6axx.dll+0x452b20]
#
# Failed to write core dump. Minidumps are not enabled by default on client versions of Windows
#
# If you would like to submit a bug report, please visit:
#   http://bugreport.java.com/bugreport/crash.jsp
# The crash happened outside the Java Virtual Machine in native code.
# See problematic frame for where to report the bug.
#

---------------  T H R E A D  ---------------

Current thread (0x0000000019f95800):  JavaThread "GameThread" [_thread_in_native, id=12924, stack(0x000000001a460000,0x000000001a560000)]

siginfo: ExceptionCode=0xc0000005, reading address 0x00000000219d9000

Registers:
RAX=0x0000000000000010, RBX=0x00000000219d9000, RCX=0x0000000030774058, RDX=0x00000000219d9000
RSP=0x000000001a55ea18, RBP=0x000000000000002e, RSI=0x0000000030774058, RDI=0x0000000030773858
R8 =0x0000000000000002, R9 =0x0000000075f90000, R10=0x0000000000009854, R11=0x0000000000000002
R12=0x0000000000000010, R13=0x0000000077d97400, R14=0x0000000000000020, R15=0x00000000763e2b20
RIP=0x00000000763e2b20, EFLAGS=0x0000000000010206

Top of Stack: (sp=0x000000001a55ea18)
0x000000001a55ea18:   00000000763156bd 0000000021880ed0
0x000000001a55ea28:   0000000030773030 0000000077d97a70
0x000000001a55ea38:   0000000000000020 0000000000000001
0x000000001a55ea48:   0000000000000000 0000000200000018
0x000000001a55ea58:   0000000000000003 00000000000000ae
0x000000001a55ea68:   0000000000000006 000000000129aec0
0x000000001a55ea78:   0000000000009733 0000000000000000
0x000000001a55ea88:   0000000000000000 0000000017ef3201
0x000000001a55ea98:   0000000019f44560 0000000000000001
0x000000001a55eaa8:   0000000000000000 0000000000000000
0x000000001a55eab8:   0000000019f44560 ffffffff00000000
0x000000001a55eac8:   ffffffffffffffff ffffffffffffffff
0x000000001a55ead8:   ffffffffffffffff ffffffffffffffff
0x000000001a55eae8:   ffffffffffffffff ffffffffffffffff
0x000000001a55eaf8:   ffffffffffffffff ffffffffffffffff
0x000000001a55eb08:   ffffffffffffffff ffffffffffffffff 

Instructions: (pc=0x00000000763e2b20)
0x00000000763e2b00:   01 f2 0f 10 4a 08 66 0f 5a c9 f3 0f 11 49 04 f2
0x00000000763e2b10:   0f 10 42 10 66 0f 5a c0 f3 0f 11 41 08 c3 cc cc
0x00000000763e2b20:   f2 0f 10 02 b8 10 00 00 00 66 0f 5a c0 f3 0f 11
0x00000000763e2b30:   01 f2 0f 10 4a 08 66 0f 5a c9 f3 0f 11 49 04 f2 


Register to memory mapping:

RAX=0x0000000000000010 is an unknown value
RBX=0x00000000219d9000 is an unknown value
RCX=0x0000000030774058 is an unknown value
RDX=0x00000000219d9000 is an unknown value
RSP=0x000000001a55ea18 is pointing into the stack for thread: 0x0000000019f95800
RBP=0x000000000000002e is an unknown value
RSI=0x0000000030774058 is an unknown value
RDI=0x0000000030773858 is an unknown value
R8 =0x0000000000000002 is an unknown value
R9 =0x0000000075f90000 is an unknown value
R10=0x0000000000009854 is an unknown value
R11=0x0000000000000002 is an unknown value
R12=0x0000000000000010 is an unknown value
R13=0x0000000077d97400 is an unknown value
R14=0x0000000000000020 is an unknown value
R15=0x00000000763e2b20 is an unknown value


Stack: [0x000000001a460000,0x000000001a560000],  sp=0x000000001a55ea18,  free space=1018k
Native frames: (J=compiled Java code, j=interpreted, Vv=VM code, C=native code)
C  [atio6axx.dll+0x452b20]

Java frames: (J=compiled Java code, j=interpreted, Vv=VM code)
j  org.lwjgl.system.JNI.callPV(JIIIJ)V+0
j  org.lwjgl.opengl.GL11.nglDrawElements(IIIJ)V+14
j  org.lwjgl.opengl.GL11.glDrawElements(IIIJ)V+4
j  com.morph.engine.graphics.GLRenderingEngine.render(Lcom/morph/engine/graphics/components/RenderData;Lcom/morph/engine/physics/components/Transform;)V+49
j  com.morph.engine.graphics.GLRenderingEngine.render(Lcom/morph/engine/newgui/Element;)V+9
j  com.morph.engine.graphics.GLRenderingEngine$$Lambda$72.accept(Ljava/lang/Object;)V+8
j  java.util.ArrayList.forEach(Ljava/util/function/Consumer;)V+47
j  com.morph.engine.graphics.GLRenderingEngine.render(Lcom/morph/engine/graphics/GLDisplay;)V+45
j  com.morph.engine.core.Game.render()V+8
j  com.morph.engine.core.Game.start()V+100
j  com.morph.engine.core.Game.run()V+1
j  java.lang.Thread.run()V+11
v  ~StubRoutines::call_stub

---------------  P R O C E S S  ---------------

Java Threads: ( => current thread )
  0x00000000210d7000 JavaThread "RMI RenewClean-[127.0.0.1:17185,org.jetbrains.kotlin.daemon.common.LoopbackNetworkInterface$ClientLoopbackSocketFactory@2a8698a0]" daemon [_thread_blocked, id=8520, stack(0x0000000033f40000,0x0000000034040000)]
  0x00000000210d5800 JavaThread "RMI RenewClean-[127.0.0.1:17185,org.jetbrains.kotlin.daemon.common.LoopbackNetworkInterface$ClientLoopbackSocketFactory@7dc23e0a]" daemon [_thread_blocked, id=3896, stack(0x0000000033c40000,0x0000000033d40000)]
  0x000000002ec8e000 JavaThread "RMI RenewClean-[127.0.0.1:17185,org.jetbrains.kotlin.daemon.common.LoopbackNetworkInterface$ClientLoopbackSocketFactory@5f37cc6f]" daemon [_thread_blocked, id=10416, stack(0x0000000033940000,0x0000000033a40000)]
  0x000000002ec8d000 JavaThread "RMI TCP Connection(1)-127.0.0.1" daemon [_thread_in_native, id=13044, stack(0x0000000033840000,0x0000000033940000)]
  0x000000002ec8c800 JavaThread "RMI Reaper" [_thread_blocked, id=10692, stack(0x00000000334e0000,0x00000000335e0000)]
  0x000000002ec8a000 JavaThread "RMI TCP Accept-0" daemon [_thread_in_native, id=7704, stack(0x00000000333e0000,0x00000000334e0000)]
  0x000000002ec8b800 JavaThread "GC Daemon" daemon [_thread_blocked, id=5508, stack(0x00000000332e0000,0x00000000333e0000)]
  0x000000002ec88800 JavaThread "RMI RenewClean-[127.0.0.1:17185,org.jetbrains.kotlin.daemon.common.LoopbackNetworkInterface$ClientLoopbackSocketFactory@62c3323c]" daemon [_thread_blocked, id=492, stack(0x00000000331e0000,0x00000000332e0000)]
  0x000000002ec8b000 JavaThread "RMI Scheduler(0)" daemon [_thread_blocked, id=11860, stack(0x00000000330e0000,0x00000000331e0000)]
  0x000000002ec88000 JavaThread "Java2D Disposer" daemon [_thread_blocked, id=772, stack(0x0000000032fe0000,0x00000000330e0000)]
  0x000000002ec89800 JavaThread "Script Update Thread" [_thread_in_Java, id=4796, stack(0x000000002f450000,0x000000002f550000)]
  0x000000002ec87000 JavaThread "Thread-1" daemon [_thread_in_native, id=7532, stack(0x000000002db60000,0x000000002dc60000)]
  0x0000000003054000 JavaThread "DestroyJavaVM" [_thread_blocked, id=8328, stack(0x0000000002ec0000,0x0000000002fc0000)]
=>0x0000000019f95800 JavaThread "GameThread" [_thread_in_native, id=12924, stack(0x000000001a460000,0x000000001a560000)]
  0x0000000019ed1000 JavaThread "Service Thread" daemon [_thread_blocked, id=4780, stack(0x000000001a260000,0x000000001a360000)]
  0x0000000017eee000 JavaThread "C1 CompilerThread2" daemon [_thread_blocked, id=13040, stack(0x0000000019d60000,0x0000000019e60000)]
  0x0000000017eed800 JavaThread "C2 CompilerThread1" daemon [_thread_blocked, id=6772, stack(0x0000000019c60000,0x0000000019d60000)]
  0x0000000017ee9000 JavaThread "C2 CompilerThread0" daemon [_thread_blocked, id=5948, stack(0x0000000019b60000,0x0000000019c60000)]
  0x0000000017ee3800 JavaThread "Attach Listener" daemon [_thread_blocked, id=6248, stack(0x0000000019a60000,0x0000000019b60000)]
  0x0000000017ee0800 JavaThread "Signal Dispatcher" daemon [_thread_blocked, id=4952, stack(0x0000000019960000,0x0000000019a60000)]
  0x0000000017ed1800 JavaThread "Finalizer" daemon [_thread_blocked, id=10996, stack(0x0000000019770000,0x0000000019870000)]
  0x0000000003145800 JavaThread "Reference Handler" daemon [_thread_blocked, id=11448, stack(0x0000000019670000,0x0000000019770000)]

Other Threads:
  0x0000000017ea7800 VMThread [stack: 0x0000000019570000,0x0000000019670000] [id=4908]
  0x0000000019ee6800 WatcherThread [stack: 0x000000001a360000,0x000000001a460000] [id=5068]

VM state:not at safepoint (normal execution)

VM Mutex/Monitor currently owned by a thread: None

Heap:
 PSYoungGen      total 182784K, used 18869K [0x00000000d5d80000, 0x00000000e4b00000, 0x0000000100000000)
  eden space 164864K, 11% used [0x00000000d5d80000,0x00000000d6fed7d0,0x00000000dfe80000)
  from space 17920K, 0% used [0x00000000dfe80000,0x00000000dfe80000,0x00000000e1000000)
  to   space 17408K, 0% used [0x00000000e3a00000,0x00000000e3a00000,0x00000000e4b00000)
 ParOldGen       total 112128K, used 30811K [0x0000000081800000, 0x0000000088580000, 0x00000000d5d80000)
  object space 112128K, 27% used [0x0000000081800000,0x0000000083616d48,0x0000000088580000)
 Metaspace       used 35843K, capacity 37041K, committed 37288K, reserved 1079296K
  class space    used 6679K, capacity 6825K, committed 6912K, reserved 1048576K

Card table byte_map: [0x0000000012510000,0x0000000012910000] byte_map_base: 0x0000000012104000

Marking Bits: (ParMarkBitMap*) 0x0000000051b064f0
 Begin Bits: [0x00000000131c0000, 0x0000000015160000)
 End Bits:   [0x0000000015160000, 0x0000000017100000)

Polling page: 0x0000000002e00000

CodeCache: size=245760Kb used=10537Kb max_used=11911Kb free=235222Kb
 bounds [0x0000000003150000, 0x0000000003d00000, 0x0000000012150000]
 total_blobs=3901 nmethods=2872 adapters=942
 compilation: enabled

Compilation events (10 events):
Event: 10.427 Thread 0x0000000017eee000 nmethod 3337 0x0000000003595910 code [0x0000000003595a60, 0x0000000003595bf0]
Event: 10.443 Thread 0x0000000017eed800 nmethod 3252 0x000000000363b510 code [0x000000000363c120, 0x0000000003646d50]
Event: 10.781 Thread 0x0000000017eee000 3338       1       com.morph.engine.newgui.Element::getDepth (5 bytes)
Event: 10.781 Thread 0x0000000017eee000 nmethod 3338 0x000000000389ffd0 code [0x00000000038a0120, 0x00000000038a0230]
Event: 10.781 Thread 0x0000000017eee000 3339       1       java.lang.invoke.DirectMethodHandle::internalMemberName (5 bytes)
Event: 10.781 Thread 0x0000000017eee000 nmethod 3339 0x0000000003595650 code [0x00000000035957a0, 0x00000000035958b0]
Event: 10.895 Thread 0x0000000017eee000 3340       1       com.morph.engine.math.Matrix4f::get (11 bytes)
Event: 10.896 Thread 0x0000000017eee000 nmethod 3340 0x0000000003c08450 code [0x0000000003c085a0, 0x0000000003c086d0]
Event: 10.896 Thread 0x0000000017eee000 3341       3       com.morph.engine.math.Matrix4f::set (12 bytes)
Event: 10.896 Thread 0x0000000017eee000 nmethod 3341 0x0000000003c08090 code [0x0000000003c081e0, 0x0000000003c08370]

GC Heap History (10 events):
Event: 4.665 GC heap before
{Heap before GC invocations=7 (full 1):
 PSYoungGen      total 71680K, used 66560K [0x00000000d5d80000, 0x00000000e0380000, 0x0000000100000000)
  eden space 66560K, 100% used [0x00000000d5d80000,0x00000000d9e80000,0x00000000d9e80000)
  from space 5120K, 0% used [0x00000000d9e80000,0x00000000d9e80000,0x00000000da380000)
  to   space 18432K, 0% used [0x00000000df180000,0x00000000df180000,0x00000000e0380000)
 ParOldGen       total 86016K, used 27869K [0x0000000081800000, 0x0000000086c00000, 0x00000000d5d80000)
  object space 86016K, 32% used [0x0000000081800000,0x0000000083337788,0x0000000086c00000)
 Metaspace       used 27985K, capacity 28217K, committed 28544K, reserved 1073152K
  class space    used 5400K, capacity 5491K, committed 5504K, reserved 1048576K
Event: 4.672 GC heap after
Heap after GC invocations=7 (full 1):
 PSYoungGen      total 112640K, used 5979K [0x00000000d5d80000, 0x00000000df780000, 0x0000000100000000)
  eden space 106496K, 0% used [0x00000000d5d80000,0x00000000d5d80000,0x00000000dc580000)
  from space 6144K, 97% used [0x00000000df180000,0x00000000df756eb0,0x00000000df780000)
  to   space 17920K, 0% used [0x00000000dd480000,0x00000000dd480000,0x00000000de600000)
 ParOldGen       total 86016K, used 27877K [0x0000000081800000, 0x0000000086c00000, 0x00000000d5d80000)
  object space 86016K, 32% used [0x0000000081800000,0x0000000083339788,0x0000000086c00000)
 Metaspace       used 27985K, capacity 28217K, committed 28544K, reserved 1073152K
  class space    used 5400K, capacity 5491K, committed 5504K, reserved 1048576K
}
Event: 5.474 GC heap before
{Heap before GC invocations=8 (full 1):
 PSYoungGen      total 112640K, used 112475K [0x00000000d5d80000, 0x00000000df780000, 0x0000000100000000)
  eden space 106496K, 100% used [0x00000000d5d80000,0x00000000dc580000,0x00000000dc580000)
  from space 6144K, 97% used [0x00000000df180000,0x00000000df756eb0,0x00000000df780000)
  to   space 17920K, 0% used [0x00000000dd480000,0x00000000dd480000,0x00000000de600000)
 ParOldGen       total 86016K, used 27877K [0x0000000081800000, 0x0000000086c00000, 0x00000000d5d80000)
  object space 86016K, 32% used [0x0000000081800000,0x0000000083339788,0x0000000086c00000)
 Metaspace       used 30391K, capacity 30985K, committed 31104K, reserved 1075200K
  class space    used 5919K, capacity 6008K, committed 6016K, reserved 1048576K
Event: 5.488 GC heap after
Heap after GC invocations=8 (full 1):
 PSYoungGen      total 139776K, used 5375K [0x00000000d5d80000, 0x00000000e2180000, 0x0000000100000000)
  eden space 121856K, 0% used [0x00000000d5d80000,0x00000000d5d80000,0x00000000dd480000)
  from space 17920K, 29% used [0x00000000dd480000,0x00000000dd9bfc48,0x00000000de600000)
  to   space 17920K, 0% used [0x00000000e1000000,0x00000000e1000000,0x00000000e2180000)
 ParOldGen       total 86016K, used 27885K [0x0000000081800000, 0x0000000086c00000, 0x00000000d5d80000)
  object space 86016K, 32% used [0x0000000081800000,0x000000008333b788,0x0000000086c00000)
 Metaspace       used 30391K, capacity 30985K, committed 31104K, reserved 1075200K
  class space    used 5919K, capacity 6008K, committed 6016K, reserved 1048576K
}
Event: 6.127 GC heap before
{Heap before GC invocations=9 (full 1):
 PSYoungGen      total 139776K, used 127231K [0x00000000d5d80000, 0x00000000e2180000, 0x0000000100000000)
  eden space 121856K, 100% used [0x00000000d5d80000,0x00000000dd480000,0x00000000dd480000)
  from space 17920K, 29% used [0x00000000dd480000,0x00000000dd9bfc48,0x00000000de600000)
  to   space 17920K, 0% used [0x00000000e1000000,0x00000000e1000000,0x00000000e2180000)
 ParOldGen       total 86016K, used 27885K [0x0000000081800000, 0x0000000086c00000, 0x00000000d5d80000)
  object space 86016K, 32% used [0x0000000081800000,0x000000008333b788,0x0000000086c00000)
 Metaspace       used 31473K, capacity 32497K, committed 32640K, reserved 1075200K
  class space    used 6102K, capacity 6224K, committed 6272K, reserved 1048576K
Event: 6.136 GC heap after
Heap after GC invocations=9 (full 1):
 PSYoungGen      total 182784K, used 4302K [0x00000000d5d80000, 0x00000000e3380000, 0x0000000100000000)
  eden space 164864K, 0% used [0x00000000d5d80000,0x00000000d5d80000,0x00000000dfe80000)
  from space 17920K, 24% used [0x00000000e1000000,0x00000000e1433888,0x00000000e2180000)
  to   space 17920K, 0% used [0x00000000dfe80000,0x00000000dfe80000,0x00000000e1000000)
 ParOldGen       total 86016K, used 27893K [0x0000000081800000, 0x0000000086c00000, 0x00000000d5d80000)
  object space 86016K, 32% used [0x0000000081800000,0x000000008333d788,0x0000000086c00000)
 Metaspace       used 31473K, capacity 32497K, committed 32640K, reserved 1075200K
  class space    used 6102K, capacity 6224K, committed 6272K, reserved 1048576K
}
Event: 7.900 GC heap before
{Heap before GC invocations=10 (full 1):
 PSYoungGen      total 182784K, used 22078K [0x00000000d5d80000, 0x00000000e3380000, 0x0000000100000000)
  eden space 164864K, 10% used [0x00000000d5d80000,0x00000000d6edbfa8,0x00000000dfe80000)
  from space 17920K, 24% used [0x00000000e1000000,0x00000000e1433888,0x00000000e2180000)
  to   space 17920K, 0% used [0x00000000dfe80000,0x00000000dfe80000,0x00000000e1000000)
 ParOldGen       total 86016K, used 27893K [0x0000000081800000, 0x0000000086c00000, 0x00000000d5d80000)
  object space 86016K, 32% used [0x0000000081800000,0x000000008333d788,0x0000000086c00000)
 Metaspace       used 34220K, capacity 35357K, committed 35496K, reserved 1079296K
  class space    used 6452K, capacity 6600K, committed 6656K, reserved 1048576K
Event: 7.906 GC heap after
Heap after GC invocations=10 (full 1):
 PSYoungGen      total 182784K, used 5444K [0x00000000d5d80000, 0x00000000e4b00000, 0x0000000100000000)
  eden space 164864K, 0% used [0x00000000d5d80000,0x00000000d5d80000,0x00000000dfe80000)
  from space 17920K, 30% used [0x00000000dfe80000,0x00000000e03d13f8,0x00000000e1000000)
  to   space 17408K, 0% used [0x00000000e3a00000,0x00000000e3a00000,0x00000000e4b00000)
 ParOldGen       total 86016K, used 27901K [0x0000000081800000, 0x0000000086c00000, 0x00000000d5d80000)
  object space 86016K, 32% used [0x0000000081800000,0x000000008333f788,0x0000000086c00000)
 Metaspace       used 34220K, capacity 35357K, committed 35496K, reserved 1079296K
  class space    used 6452K, capacity 6600K, committed 6656K, reserved 1048576K
}
Event: 7.906 GC heap before
{Heap before GC invocations=11 (full 2):
 PSYoungGen      total 182784K, used 5444K [0x00000000d5d80000, 0x00000000e4b00000, 0x0000000100000000)
  eden space 164864K, 0% used [0x00000000d5d80000,0x00000000d5d80000,0x00000000dfe80000)
  from space 17920K, 30% used [0x00000000dfe80000,0x00000000e03d13f8,0x00000000e1000000)
  to   space 17408K, 0% used [0x00000000e3a00000,0x00000000e3a00000,0x00000000e4b00000)
 ParOldGen       total 86016K, used 27901K [0x0000000081800000, 0x0000000086c00000, 0x00000000d5d80000)
  object space 86016K, 32% used [0x0000000081800000,0x000000008333f788,0x0000000086c00000)
 Metaspace       used 34220K, capacity 35357K, committed 35496K, reserved 1079296K
  class space    used 6452K, capacity 6600K, committed 6656K, reserved 1048576K
Event: 8.027 GC heap after
Heap after GC invocations=11 (full 2):
 PSYoungGen      total 182784K, used 0K [0x00000000d5d80000, 0x00000000e4b00000, 0x0000000100000000)
  eden space 164864K, 0% used [0x00000000d5d80000,0x00000000d5d80000,0x00000000dfe80000)
  from space 17920K, 0% used [0x00000000dfe80000,0x00000000dfe80000,0x00000000e1000000)
  to   space 17408K, 0% used [0x00000000e3a00000,0x00000000e3a00000,0x00000000e4b00000)
 ParOldGen       total 112128K, used 30811K [0x0000000081800000, 0x0000000088580000, 0x00000000d5d80000)
  object space 112128K, 27% used [0x0000000081800000,0x0000000083616d48,0x0000000088580000)
 Metaspace       used 34160K, capacity 35197K, committed 35496K, reserved 1079296K
  class space    used 6449K, capacity 6592K, committed 6656K, reserved 1048576K
}

Deoptimization events (10 events):
Event: 8.340 Thread 0x0000000019f95800 Uncommon trap: reason=class_check action=maybe_recompile pc=0x00000000038c8204 method=java.io.DataOutputStream.write(I)V @ 5
Event: 8.343 Thread 0x0000000019f95800 Uncommon trap: reason=bimorphic action=maybe_recompile pc=0x00000000038c8138 method=java.io.DataOutputStream.writeShort(I)V @ 12
Event: 8.739 Thread 0x0000000019f95800 Uncommon trap: reason=class_check action=maybe_recompile pc=0x0000000003ccd3bc method=java.util.concurrent.locks.AbstractQueuedSynchronizer.release(I)Z @ 2
Event: 8.740 Thread 0x0000000019f95800 Uncommon trap: reason=class_check action=maybe_recompile pc=0x0000000003ccd3bc method=java.util.concurrent.locks.AbstractQueuedSynchronizer.release(I)Z @ 2
Event: 8.743 Thread 0x0000000019f95800 Uncommon trap: reason=unstable_if action=reinterpret pc=0x00000000039a93b0 method=org.python.antlr.PythonLexer.mNEWLINE()V @ 219
Event: 8.747 Thread 0x0000000019f95800 Uncommon trap: reason=unstable_if action=reinterpret pc=0x0000000003c30488 method=org.python.antlr.GrammarActions.extractString(Lorg/python/antlr/runtime/Token;Ljava/lang/String;Z)Lorg/python/antlr/GrammarActions$StringPair; @ 157
Event: 8.766 Thread 0x0000000019f95800 Uncommon trap: reason=unstable_if action=reinterpret pc=0x0000000003aec594 method=org.python.objectweb.asm.Frame.a(IILorg/python/objectweb/asm/ClassWriter;Lorg/python/objectweb/asm/Item;)V @ 1936
Event: 8.796 Thread 0x0000000019f95800 Uncommon trap: reason=class_check action=maybe_recompile pc=0x00000000038c8204 method=java.io.DataOutputStream.write(I)V @ 5
Event: 9.389 Thread 0x0000000019f95800 Uncommon trap: reason=class_check action=maybe_recompile pc=0x0000000003cd3088 method=java.util.stream.ReferencePipeline$3$1.accept(Ljava/lang/Object;)V @ 17
Event: 9.773 Thread 0x0000000019f95800 Uncommon trap: reason=class_check action=maybe_recompile pc=0x0000000003cd3088 method=java.util.stream.ReferencePipeline$3$1.accept(Ljava/lang/Object;)V @ 17

Internal exceptions (10 events):
Event: 8.758 Thread 0x0000000019f95800 Exception <a 'java/io/FileNotFoundException'> (0x00000000d6b06c68) thrown at [D:\re\workspace\8-2-build-windows-amd64-cygwin\jdk8u92\6642\hotspot\src\share\vm\prims\jni.cpp, line 709]
Event: 8.759 Thread 0x0000000019f95800 Exception <a 'java/io/FileNotFoundException'> (0x00000000d6b08a30) thrown at [D:\re\workspace\8-2-build-windows-amd64-cygwin\jdk8u92\6642\hotspot\src\share\vm\prims\jni.cpp, line 709]
Event: 8.759 Thread 0x0000000019f95800 Exception <a 'java/io/FileNotFoundException'> (0x00000000d6b0a378) thrown at [D:\re\workspace\8-2-build-windows-amd64-cygwin\jdk8u92\6642\hotspot\src\share\vm\prims\jni.cpp, line 709]
Event: 8.760 Thread 0x0000000019f95800 Exception <a 'java/io/FileNotFoundException'> (0x00000000d6b23730) thrown at [D:\re\workspace\8-2-build-windows-amd64-cygwin\jdk8u92\6642\hotspot\src\share\vm\prims\jni.cpp, line 709]
Event: 8.760 Thread 0x0000000019f95800 Exception <a 'java/io/FileNotFoundException'> (0x00000000d6b25d18) thrown at [D:\re\workspace\8-2-build-windows-amd64-cygwin\jdk8u92\6642\hotspot\src\share\vm\prims\jni.cpp, line 709]
Event: 8.760 Thread 0x0000000019f95800 Exception <a 'java/io/FileNotFoundException'> (0x00000000d6b27ca8) thrown at [D:\re\workspace\8-2-build-windows-amd64-cygwin\jdk8u92\6642\hotspot\src\share\vm\prims\jni.cpp, line 709]
Event: 8.761 Thread 0x0000000019f95800 Exception <a 'java/io/FileNotFoundException'> (0x00000000d6b34f78) thrown at [D:\re\workspace\8-2-build-windows-amd64-cygwin\jdk8u92\6642\hotspot\src\share\vm\prims\jni.cpp, line 709]
Event: 8.761 Thread 0x0000000019f95800 Exception <a 'java/io/FileNotFoundException'> (0x00000000d6b379d8) thrown at [D:\re\workspace\8-2-build-windows-amd64-cygwin\jdk8u92\6642\hotspot\src\share\vm\prims\jni.cpp, line 709]
Event: 8.761 Thread 0x0000000019f95800 Exception <a 'java/io/FileNotFoundException'> (0x00000000d6b39cc0) thrown at [D:\re\workspace\8-2-build-windows-amd64-cygwin\jdk8u92\6642\hotspot\src\share\vm\prims\jni.cpp, line 709]
Event: 8.809 Thread 0x00000000210d5800 Exception <a 'java/lang/InterruptedException'> (0x00000000d6c64528) thrown at [D:\re\workspace\8-2-build-windows-amd64-cygwin\jdk8u92\6642\hotspot\src\share\vm\runtime\objectMonitor.cpp, line 1684]

Events (10 events):
Event: 10.779 loading class com/morph/engine/newgui/Element
Event: 10.779 loading class com/morph/engine/newgui/Element done
Event: 10.779 loading class com/morph/engine/newgui/Element
Event: 10.779 loading class com/morph/engine/newgui/Element done
Event: 10.779 loading class com/morph/engine/newgui/Element
Event: 10.779 loading class com/morph/engine/newgui/Element done
Event: 10.781 loading class com/morph/engine/newgui/Element
Event: 10.781 loading class com/morph/engine/newgui/Element done
Event: 10.781 loading class com/morph/engine/graphics/GLRenderingEngine
Event: 10.781 loading class com/morph/engine/graphics/GLRenderingEngine done


Dynamic libraries:
0x00007ff7294f0000 - 0x00007ff729527000 	C:\Program Files\Java\jdk1.8.0_92\bin\java.exe
0x00007ff8e1010000 - 0x00007ff8e11eb000 	C:\WINDOWS\SYSTEM32\ntdll.dll
0x00007ff8e0530000 - 0x00007ff8e05de000 	C:\WINDOWS\System32\KERNEL32.DLL
0x00007ff8dd8e0000 - 0x00007ff8ddb29000 	C:\WINDOWS\System32\KERNELBASE.dll
0x00007ff8deb30000 - 0x00007ff8debd1000 	C:\WINDOWS\System32\ADVAPI32.dll
0x00007ff8e06a0000 - 0x00007ff8e073d000 	C:\WINDOWS\System32\msvcrt.dll
0x00007ff8dea60000 - 0x00007ff8deab9000 	C:\WINDOWS\System32\sechost.dll
0x00007ff8e0b90000 - 0x00007ff8e0cb5000 	C:\WINDOWS\System32\RPCRT4.dll
0x00007ff8e0df0000 - 0x00007ff8e0f3a000 	C:\WINDOWS\System32\USER32.dll
0x00007ff8dd5e0000 - 0x00007ff8dd5fe000 	C:\WINDOWS\System32\win32u.dll
0x00007ff8de570000 - 0x00007ff8de597000 	C:\WINDOWS\System32\GDI32.dll
0x00007ff8ddc30000 - 0x00007ff8dddb7000 	C:\WINDOWS\System32\gdi32full.dll
0x00007ff8dd670000 - 0x00007ff8dd70a000 	C:\WINDOWS\System32\msvcp_win.dll
0x00007ff8ddb30000 - 0x00007ff8ddc26000 	C:\WINDOWS\System32\ucrtbase.dll
0x00007ff8d4af0000 - 0x00007ff8d4d57000 	C:\WINDOWS\WinSxS\amd64_microsoft.windows.common-controls_6595b64144ccf1df_6.0.15063.483_none_26002d27e7c744a2\COMCTL32.dll
0x00007ff8e01d0000 - 0x00007ff8e04c9000 	C:\WINDOWS\System32\combase.dll
0x00007ff8dd600000 - 0x00007ff8dd66a000 	C:\WINDOWS\System32\bcryptPrimitives.dll
0x00007ff8e0d20000 - 0x00007ff8e0d4d000 	C:\WINDOWS\System32\IMM32.DLL
0x0000000051b90000 - 0x0000000051c62000 	C:\Program Files\Java\jdk1.8.0_92\jre\bin\msvcr100.dll
0x00000000512f0000 - 0x0000000051b86000 	C:\Program Files\Java\jdk1.8.0_92\jre\bin\server\jvm.dll
0x00007ff8e0f40000 - 0x00007ff8e0f48000 	C:\WINDOWS\System32\PSAPI.DLL
0x00007ff8d87d0000 - 0x00007ff8d87d9000 	C:\WINDOWS\SYSTEM32\WSOCK32.dll
0x00007ff8db910000 - 0x00007ff8db933000 	C:\WINDOWS\SYSTEM32\WINMM.dll
0x00007ff8d8800000 - 0x00007ff8d880a000 	C:\WINDOWS\SYSTEM32\VERSION.dll
0x00007ff8deac0000 - 0x00007ff8deb2c000 	C:\WINDOWS\System32\WS2_32.dll
0x00007ff8db8e0000 - 0x00007ff8db90b000 	C:\WINDOWS\SYSTEM32\winmmbase.dll
0x00007ff8dddc0000 - 0x00007ff8dde09000 	C:\WINDOWS\System32\cfgmgr32.dll
0x00000000512e0000 - 0x00000000512ef000 	C:\Program Files\Java\jdk1.8.0_92\jre\bin\verify.dll
0x00000000512b0000 - 0x00000000512d9000 	C:\Program Files\Java\jdk1.8.0_92\jre\bin\java.dll
0x0000000051290000 - 0x00000000512a6000 	C:\Program Files\Java\jdk1.8.0_92\jre\bin\zip.dll
0x00007ff8debe0000 - 0x00007ff8e0017000 	C:\WINDOWS\System32\SHELL32.dll
0x00007ff8e05f0000 - 0x00007ff8e069a000 	C:\WINDOWS\System32\shcore.dll
0x00007ff8dde70000 - 0x00007ff8de561000 	C:\WINDOWS\System32\windows.storage.dll
0x00007ff8e0cc0000 - 0x00007ff8e0d11000 	C:\WINDOWS\System32\shlwapi.dll
0x00007ff8dd510000 - 0x00007ff8dd521000 	C:\WINDOWS\System32\kernel.appcore.dll
0x00007ff8dd4a0000 - 0x00007ff8dd4ec000 	C:\WINDOWS\System32\powrprof.dll
0x00007ff8dd4f0000 - 0x00007ff8dd505000 	C:\WINDOWS\System32\profapi.dll
0x0000000051270000 - 0x000000005128a000 	C:\Program Files\Java\jdk1.8.0_92\jre\bin\net.dll
0x00007ff8dcd90000 - 0x00007ff8dcdec000 	C:\WINDOWS\system32\mswsock.dll
0x0000000051250000 - 0x0000000051261000 	C:\Program Files\Java\jdk1.8.0_92\jre\bin\nio.dll
0x00007ff8d3b70000 - 0x00007ff8d3bc5000 	C:\Users\Fernando\AppData\Local\Temp\lwjglFernando\3.0.1-build-35\lwjgl.dll
0x00007ff8cbcb0000 - 0x00007ff8cbceb000 	C:\Users\Fernando\AppData\Local\Temp\lwjglFernando\3.0.1-build-35\jemalloc.dll
0x00007ff8dcf50000 - 0x00007ff8dcf5b000 	C:\WINDOWS\SYSTEM32\CRYPTBASE.DLL
0x00007ff8c2090000 - 0x00007ff8c20cc000 	C:\Users\Fernando\AppData\Local\Temp\lwjglFernando\3.0.1-build-35\glfw.dll
0x00007ff8dbc20000 - 0x00007ff8dbcb5000 	C:\WINDOWS\system32\uxtheme.dll
0x00007ff8c2040000 - 0x00007ff8c2082000 	C:\WINDOWS\SYSTEM32\dinput8.dll
0x00007ff8dba10000 - 0x00007ff8dba1e000 	C:\WINDOWS\SYSTEM32\xinput1_4.dll
0x00007ff8dc0e0000 - 0x00007ff8dc108000 	C:\WINDOWS\SYSTEM32\DEVOBJ.dll
0x00007ff8da540000 - 0x00007ff8da56a000 	C:\WINDOWS\SYSTEM32\dwmapi.dll
0x00007ff8c4860000 - 0x00007ff8c488d000 	C:\PROGRA~2\RAPTRI~1\PlaysTV\ltc_help64-125356.dll
0x00007ff8dde10000 - 0x00007ff8dde66000 	C:\WINDOWS\System32\WINTRUST.dll
0x00007ff8dd480000 - 0x00007ff8dd491000 	C:\WINDOWS\System32\MSASN1.dll
0x00007ff8dd710000 - 0x00007ff8dd8d9000 	C:\WINDOWS\System32\CRYPT32.dll
0x00007ff8d71d0000 - 0x00007ff8d71fc000 	C:\PROGRA~2\RAPTRI~1\Raptr\ltc_help64-119906.dll
0x00007ff8dc340000 - 0x00007ff8dc34d000 	C:\WINDOWS\SYSTEM32\HID.DLL
0x00007ff8e0740000 - 0x00007ff8e0b7b000 	C:\WINDOWS\System32\SETUPAPI.DLL
0x00007ff8de5a0000 - 0x00007ff8de706000 	C:\WINDOWS\System32\MSCTF.dll
0x00007ff8e0f50000 - 0x00007ff8e1010000 	C:\WINDOWS\System32\OLEAUT32.dll
0x00007ff8b95c0000 - 0x00007ff8b96e1000 	C:\WINDOWS\SYSTEM32\opengl32.dll
0x00007ff8d5c20000 - 0x00007ff8d5c4c000 	C:\WINDOWS\SYSTEM32\GLU32.dll
0x00007ff8cc5e0000 - 0x00007ff8cc609000 	C:\WINDOWS\System32\DriverStore\FileRepository\c0313676.inf_amd64_96bbc33bec5c7fae\atig6pxx.dll
0x0000000075f90000 - 0x0000000077ffe000 	C:\WINDOWS\System32\DriverStore\FileRepository\c0313676.inf_amd64_96bbc33bec5c7fae\atio6axx.dll
0x00007ff8ba790000 - 0x00007ff8ba7b2000 	C:\WINDOWS\SYSTEM32\dxva2.dll
0x00007ff8c2000000 - 0x00007ff8c203d000 	C:\WINDOWS\System32\DriverStore\FileRepository\c0313676.inf_amd64_96bbc33bec5c7fae\atig6txx.dll
0x00007ff8b5670000 - 0x00007ff8b57ed000 	C:\WINDOWS\SYSTEM32\atiadlxx.dll
0x00007ff8de710000 - 0x00007ff8de855000 	C:\WINDOWS\System32\ole32.dll
0x00007ff8dd3b0000 - 0x00007ff8dd3d9000 	C:\WINDOWS\SYSTEM32\USERENV.dll
0x00007ff8da240000 - 0x00007ff8da253000 	C:\WINDOWS\SYSTEM32\WTSAPI32.dll
0x00007ff8da3a0000 - 0x00007ff8da536000 	C:\WINDOWS\SYSTEM32\PROPSYS.dll
0x00007ff8d7ca0000 - 0x00007ff8d7d22000 	C:\WINDOWS\System32\TextInputFramework.dll
0x00007ff8d9570000 - 0x00007ff8d9842000 	C:\WINDOWS\System32\CoreUIComponents.dll
0x00007ff8db400000 - 0x00007ff8db4e3000 	C:\WINDOWS\System32\CoreMessaging.dll
0x00007ff8dc690000 - 0x00007ff8dc6c1000 	C:\WINDOWS\SYSTEM32\ntmarta.dll
0x00007ff8d9430000 - 0x00007ff8d9569000 	C:\WINDOWS\SYSTEM32\wintypes.dll
0x00007ff8da0b0000 - 0x00007ff8da0c5000 	C:\WINDOWS\SYSTEM32\usermgrcli.dll
0x00007ff8dcf30000 - 0x00007ff8dcf47000 	C:\WINDOWS\SYSTEM32\CRYPTSP.dll
0x00007ff8dc9b0000 - 0x00007ff8dc9e4000 	C:\WINDOWS\system32\rsaenh.dll
0x00007ff8dd040000 - 0x00007ff8dd065000 	C:\WINDOWS\SYSTEM32\bcrypt.dll
0x00007ff8dcb30000 - 0x00007ff8dcb67000 	C:\WINDOWS\SYSTEM32\IPHLPAPI.DLL
0x00007ff8e05e0000 - 0x00007ff8e05e8000 	C:\WINDOWS\System32\NSI.dll
0x00007ff8d83b0000 - 0x00007ff8d83c6000 	C:\WINDOWS\SYSTEM32\dhcpcsvc6.DLL
0x00007ff8d8330000 - 0x00007ff8d834a000 	C:\WINDOWS\SYSTEM32\dhcpcsvc.DLL
0x000000006e4c0000 - 0x000000006e4df000 	C:\Users\Fernando\AppData\Local\Temp\jffi4403740750310871325.dll
0x00007ff8b99d0000 - 0x00007ff8b9a44000 	C:\Users\Fernando\AppData\Local\Temp\lwjglFernando\3.0.1-build-35\lwjgl_stb.dll
0x00000000510a0000 - 0x0000000051238000 	C:\Program Files\Java\jdk1.8.0_92\jre\bin\awt.dll
0x00007ff8dbb30000 - 0x00007ff8dbbae000 	C:\WINDOWS\SYSTEM32\apphelp.dll
0x00007ff8e0d50000 - 0x00007ff8e0d6d000 	C:\WINDOWS\System32\imagehlp.dll
0x00007ff8dc350000 - 0x00007ff8dc372000 	C:\WINDOWS\SYSTEM32\gpapi.dll
0x00007ff8cbf60000 - 0x00007ff8cbf8f000 	C:\Windows\System32\cryptnet.dll
0x00007ff8d86a0000 - 0x00007ff8d86ab000 	C:\WINDOWS\SYSTEM32\WINNSI.DLL
0x00007ff8b9020000 - 0x00007ff8b9264000 	C:\PROGRA~2\RAPTRI~1\Raptr\ltc_game64-119906.dll
0x00007ff8cfee0000 - 0x00007ff8d0089000 	C:\WINDOWS\SYSTEM32\dbghelp.dll

VM Arguments:
jvm_args: -Dfile.encoding=windows-1252 -Duser.country=US -Duser.language=en -Duser.variant 
java_command: com.morph.engine.core.EngineLauncher
java_class_path (initial): C:\Users\Fernando\Documents\GitHub\Morph\build\classes\main;C:\Users\Fernando\Documents\GitHub\Morph\build\resources\main;C:\Users\Fernando\.gradle\caches\modules-2\files-2.1\org.lwjgl\lwjgl\3.0.1-SNAPSHOT\7401b0a236b31d10e915a4ac739dea90d1d4267a\lwjgl-3.0.1-SNAPSHOT.jar;C:\Users\Fernando\.gradle\caches\modules-2\files-2.1\org.lwjgl\lwjgl\3.0.1-SNAPSHOT\1d17decdb7571e1d3e502d8014e0288978da1d6d\lwjgl-3.0.1-SNAPSHOT-natives-windows.jar;C:\Users\Fernando\.gradle\caches\modules-2\files-2.1\org.lwjgl\lwjgl-egl\3.0.1-SNAPSHOT\e9820e483916afa67d0d77b986bfe32fa0461d33\lwjgl-egl-3.0.1-SNAPSHOT.jar;C:\Users\Fernando\.gradle\caches\modules-2\files-2.1\org.lwjgl\lwjgl-glfw\3.0.1-SNAPSHOT\49562fcc0f18669f1b521894d548151c02f72967\lwjgl-glfw-3.0.1-SNAPSHOT.jar;C:\Users\Fernando\.gradle\caches\modules-2\files-2.1\org.lwjgl\lwjgl-glfw\3.0.1-SNAPSHOT\e4faae904c68998fdcbcf008682f10bc5adb7d60\lwjgl-glfw-3.0.1-SNAPSHOT-natives-windows.jar;C:\Users\Fernando\.gradle\caches\modules-2\files-2.1\org.lwjgl\lwjgl-jawt\3.0.1-SNAPSHOT\46345991f2766add54a12b7f8117467714920e85\lwjgl-jawt-3.0.1-SNAPSHOT.jar;C:\Users\Fernando\.gradle\caches\modules-2\files-2.1\org.lwjgl\lwjgl-jemalloc\3.0.1-SNAPSHOT\7630295d6bc4ec9c2afbc92dedd69841a78b2795\lwjgl-jemalloc-3.0.1-SNAPSHOT.jar;C:\Users\Fernando\.gradle\caches\modules-2\files-2.1\org.lwjgl\lwjgl-jemalloc\3.0.1-SNAPSHOT\1390bc6f4282cf33f4f31608ce89ac64fd581edc\lwjgl-jemalloc-3.0.1-SNAPSHOT-natives-windows.jar;C:\Users\Fernando\.gradle\caches\modules-2\files-2.1\org.lwjgl\lwjgl-lmdb\3.0.1-SNAPSHOT\33615ca47776c80457d23d3e9c0a7d1156b0eb1c\lwjgl-lmdb-3.0.1-SNAPSHOT.jar;C:\Users\Fernando\.gradle\caches\modules-2\files-2.1\org.lwjgl\lwjgl-lmdb\3.0.1-SNAPSHOT\8d319032339e01aba96c7086f1f0cf30e252d907\lwjgl-lmdb-3.0.1-SNAPSHOT-natives-windows.jar;C:\Users\Fernando\.gradle\caches\modules-2\files-2.1\org.lwjgl\lwjgl-nanovg\3.0.1-SNAPSHOT\f30b3dd11c06aae8d5b242ddedac371fe264ace\lwjgl-nanovg-3.0.1-SNAPSHOT.jar;C:\Users\Fernando\.gradle\ca
Launcher Type: SUN_STANDARD

Environment Variables:
JAVA_HOME=C:\Program Files\Java\jdk1.8.0_92
PATH=C:\Program Files (x86)\NVIDIA Corporation\PhysX\Common;C:\Program Files\Haskell\bin;C:\Program Files\Haskell Platform\8.0.2\lib\extralibs\bin;C:\Program Files\Haskell Platform\8.0.2\bin;C:\VulkanSDK\1.0.8.0\Bin;C:\Program Files (x86)\Razer Chroma SDK\bin;C:\Program Files\Razer Chroma SDK\bin;C:\ProgramData\Oracle\Java\javapath;C:\Windows\system32;C:\Windows;C:\Windows\System32\Wbem;C:\Windows\System32\WindowsPowerShell\v1.0\;C:\Program Files (x86)\AMD\ATI.ACE\Core-Static;C:\Program Files (x86)\Skype\Phone\;C:\WINDOWS\system32\config\systemprofile\.dnx\bin;C:\Program Files\Microsoft DNX\Dnvm\;C:\Program Files (x86)\Windows Kits\8.1\Windows Performance Toolkit\;C:\Program Files\apache-maven-3.3.9-bin\apache-maven-3.3.9\bin;C:\Program Files (x86)\GtkSharp\2.12\bin;C:\WINDOWS\system32;C:\WINDOWS;C:\WINDOWS\System32\Wbem;C:\WINDOWS\System32\WindowsPowerShell\v1.0\;C:\Program Files\Intel\WiFi\bin\;C:\Program Files\Common Files\Intel\WirelessCommon\;C:\Program Files\Java\jdk1.8.0_92\bin;C:\Users\Fernando\Downloads\gradle-3.0-all\gradle-3.0\bin;C:\Program Files\nodejs\;C:\Program Files\ctags\ctags58\;C:\Program Files (x86)\Microsoft Visual Studio 14.0\VC\bin;C:\Users\Fernando\AppData\Local\GitHub\PortableGit_624c8416ee51e205b3f892d1d904e06e6f3c57c8\cmd;C:\Program Files (x86)\apache-ant-1.9.7\bin;C:\cygwin64\bin;C:\Program Files\Haskell Platform\8.0.2\mingw\bin;C:\Users\Fernando\AppData\Roaming\cabal\bin;C:\Users\Fernando\AppData\Roaming\local\bin;C:\Users\Fernando\AppData\Local\atom\bin;C:\Users\Fernando\AppData\Local\Microsoft\WindowsApps;C:\Program Files\Intel\WiFi\bin\;C:\Program Files\Common Files\Intel\WirelessCommon\;C:\Users\Fernando\AppData\Roaming\npm;C:\Program Files (x86)\Microsoft VS Code\bin;
USERNAME=Fernando
OS=Windows_NT
PROCESSOR_IDENTIFIER=AMD64 Family 21 Model 2 Stepping 0, AuthenticAMD



---------------  S Y S T E M  ---------------

OS: Windows 10.0 , 64 bit Build 15063 (10.0.15063.296)

CPU:total 6 (6 cores per cpu, 1 threads per core) family 21 model 2 stepping 0, cmov, cx8, fxsr, mmx, sse, sse2, sse3, ssse3, sse4.1, sse4.2, popcnt, avx, aes, clmul, mmxext, 3dnowpref, lzcnt, sse4a, tsc, tscinvbit, tscinv, bmi1

Memory: 4k page, physical 8287068k(3515856k free), swap 17240132k(8421948k free)

vm_info: Java HotSpot(TM) 64-Bit Server VM (25.92-b14) for windows-amd64 JRE (1.8.0_92-b14), built on Mar 31 2016 21:03:04 by "java_re" with MS VC++ 10.0 (VS2010)

time: Sat Nov 25 23:56:53 2017
elapsed time: 12 seconds (0d 0h 0m 12s)

