#
# A fatal error has been detected by the Java Runtime Environment:
#
#  EXCEPTION_ACCESS_VIOLATION (0xc0000005) at pc=0x0000000074c94a60, pid=13464, tid=0x0000000000006034
#
# JRE version: Java(TM) SE Runtime Environment (8.0_144-b01) (build 1.8.0_144-b01)
# Java VM: Java HotSpot(TM) 64-Bit Server VM (25.144-b01 mixed mode windows-amd64 compressed oops)
# Problematic frame:
# C  [atio6axx.dll+0x434a60]
#
# Failed to write core dump. Minidumps are not enabled by default on client versions of Windows
#
# If you would like to submit a bug report, please visit:
#   http://bugreport.java.com/bugreport/crash.jsp
# The crash happened outside the Java Virtual Machine in native code.
# See problematic frame for where to report the bug.
#

---------------  T H R E A D  ---------------

Current thread (0x00000000185d8000):  JavaThread "GameThread" [_thread_in_native, id=24628, stack(0x0000000018ae0000,0x0000000018be0000)]

siginfo: ExceptionCode=0xc0000005, reading address 0x000000002017b000

Registers:
RAX=0x0000000000000010, RBX=0x000000002017b000, RCX=0x000000001fc46348, RDX=0x000000002017b000
RSP=0x0000000018bde7f8, RBP=0x0000000000000026, RSI=0x000000001fc46348, RDI=0x000000001fc45948
R8 =0x0000000000000002, R9 =0x0000000074860000, R10=0x0000000000000004, R11=0x000000000000000a
R12=0x0000000000000010, R13=0x00000000765d7440, R14=0x0000000000000020, R15=0x0000000074c94a60
RIP=0x0000000074c94a60, EFLAGS=0x0000000000010202

Top of Stack: (sp=0x0000000018bde7f8)
0x0000000018bde7f8:   0000000074bca40b 000000002006e010
0x0000000018bde808:   000000001fc45000 000000000061a850
0x0000000018bde818:   0000000000000020 0000000000000000
0x0000000018bde828:   0000000000000040 0000000600000018
0x0000000018bde838:   0000000000000003 0000000000000002
0x0000000018bde848:   00000000000000c6 0000000000009733
0x0000000018bde858:   00007ffca151af7e 000000000061a8c0
0x0000000018bde868:   0000000000000000 0000000000000030
0x0000000018bde878:   0000000000000000 00000000005a0000
0x0000000018bde888:   00007ffca151af7e 00000000201324f8
0x0000000018bde898:   0000000000000000 0000000000000048
0x0000000018bde8a8:   0000000000000000 000000001ad93330
0x0000000018bde8b8:   0000000051236f08 0000000016629dc0
0x0000000018bde8c8:   0000000000000000 0000000000000000
0x0000000018bde8d8:   0000000000000002 000000001ff4d770
0x0000000018bde8e8:   000000001bac73c0 0000000020027b80 

Instructions: (pc=0x0000000074c94a60)
0x0000000074c94a40:   01 f2 0f 10 4a 08 66 0f 5a c9 f3 0f 11 49 04 f2
0x0000000074c94a50:   0f 10 42 10 66 0f 5a c0 f3 0f 11 41 08 c3 cc cc
0x0000000074c94a60:   f2 0f 10 02 b8 10 00 00 00 66 0f 5a c0 f3 0f 11
0x0000000074c94a70:   01 f2 0f 10 4a 08 66 0f 5a c9 f3 0f 11 49 04 f2 


Register to memory mapping:

RAX=0x0000000000000010 is an unknown value
RBX=0x000000002017b000 is an unknown value
RCX=0x000000001fc46348 is an unknown value
RDX=0x000000002017b000 is an unknown value
RSP=0x0000000018bde7f8 is pointing into the stack for thread: 0x00000000185d8000
RBP=0x0000000000000026 is an unknown value
RSI=0x000000001fc46348 is an unknown value
RDI=0x000000001fc45948 is an unknown value
R8 =0x0000000000000002 is an unknown value
R9 =0x0000000074860000 is an unknown value
R10=0x0000000000000004 is an unknown value
R11=0x000000000000000a is an unknown value
R12=0x0000000000000010 is an unknown value
R13=0x00000000765d7440 is an unknown value
R14=0x0000000000000020 is an unknown value
R15=0x0000000074c94a60 is an unknown value


Stack: [0x0000000018ae0000,0x0000000018be0000],  sp=0x0000000018bde7f8,  free space=1017k
Native frames: (J=compiled Java code, j=interpreted, Vv=VM code, C=native code)
C  [atio6axx.dll+0x434a60]

Java frames: (J=compiled Java code, j=interpreted, Vv=VM code)
J 3525  org.lwjgl.system.JNI.callPV(JIIIJ)V (0 bytes) @ 0x000000000286ae56 [0x000000000286ae00+0x56]
J 3635 C2 com.morph.engine.graphics.GLRenderingEngine$$Lambda$77.accept(Ljava/lang/Object;)V (12 bytes) @ 0x00000000029c2364 [0x00000000029c2180+0x1e4]
J 3748 C2 java.util.ArrayList.forEach(Ljava/util/function/Consumer;)V (75 bytes) @ 0x0000000002d67368 [0x0000000002d672a0+0xc8]
J 3721 C1 com.morph.engine.graphics.GLRenderingEngine.render(Lcom/morph/engine/graphics/GLDisplay;)V (55 bytes) @ 0x0000000002abe1e4 [0x0000000002abd760+0xa84]
J 3666 C1 com.morph.engine.core.Game.render()V (12 bytes) @ 0x00000000029ab81c [0x00000000029ab780+0x9c]
j  com.morph.engine.core.Game.start()V+100
j  com.morph.engine.core.Game.run()V+1
j  java.lang.Thread.run()V+11
v  ~StubRoutines::call_stub

---------------  P R O C E S S  ---------------

Java Threads: ( => current thread )
  0x0000000024b57000 JavaThread "RMI RenewClean-[127.0.0.1:17980,org.jetbrains.kotlin.daemon.common.LoopbackNetworkInterface$ClientLoopbackSocketFactory@9bb8947]" daemon [_thread_blocked, id=12160, stack(0x000000002a520000,0x000000002a620000)]
  0x0000000024b56000 JavaThread "RMI RenewClean-[127.0.0.1:17980,org.jetbrains.kotlin.daemon.common.LoopbackNetworkInterface$ClientLoopbackSocketFactory@68d36f52]" daemon [_thread_blocked, id=25048, stack(0x000000002a420000,0x000000002a520000)]
  0x0000000024b55800 JavaThread "RMI RenewClean-[127.0.0.1:17980,org.jetbrains.kotlin.daemon.common.LoopbackNetworkInterface$ClientLoopbackSocketFactory@e09b828]" daemon [_thread_blocked, id=24552, stack(0x000000002a320000,0x000000002a420000)]
  0x0000000024b54800 JavaThread "RMI RenewClean-[127.0.0.1:17980,org.jetbrains.kotlin.daemon.common.LoopbackNetworkInterface$ClientLoopbackSocketFactory@155a0877]" daemon [_thread_blocked, id=7344, stack(0x0000000029e20000,0x0000000029f20000)]
  0x0000000024b5a000 JavaThread "RMI RenewClean-[127.0.0.1:17980,org.jetbrains.kotlin.daemon.common.LoopbackNetworkInterface$ClientLoopbackSocketFactory@42606bb8]" daemon [_thread_blocked, id=24804, stack(0x0000000029d20000,0x0000000029e20000)]
  0x0000000024b58800 JavaThread "RMI RenewClean-[127.0.0.1:17980,org.jetbrains.kotlin.daemon.common.LoopbackNetworkInterface$ClientLoopbackSocketFactory@2254a0e9]" daemon [_thread_blocked, id=22724, stack(0x0000000029c20000,0x0000000029d20000)]
  0x0000000024b5a800 JavaThread "RMI TCP Connection(1)-127.0.0.1" daemon [_thread_in_native, id=21952, stack(0x0000000029b20000,0x0000000029c20000)]
  0x0000000024b59000 JavaThread "RMI Reaper" [_thread_blocked, id=16904, stack(0x0000000029a20000,0x0000000029b20000)]
  0x0000000024b54000 JavaThread "RMI TCP Accept-0" daemon [_thread_in_native, id=24004, stack(0x0000000029920000,0x0000000029a20000)]
  0x000000002373c000 JavaThread "RMI RenewClean-[127.0.0.1:17980,org.jetbrains.kotlin.daemon.common.LoopbackNetworkInterface$ClientLoopbackSocketFactory@590817c4]" daemon [_thread_blocked, id=18700, stack(0x0000000029820000,0x0000000029920000)]
  0x000000001a39f000 JavaThread "RMI RenewClean-[127.0.0.1:17539,org.jetbrains.kotlin.daemon.common.LoopbackNetworkInterface$ClientLoopbackSocketFactory@714abce7]" daemon [_thread_blocked, id=23560, stack(0x00000000294d0000,0x00000000295d0000)]
  0x000000001a2de800 JavaThread "GC Daemon" daemon [_thread_blocked, id=18668, stack(0x00000000292d0000,0x00000000293d0000)]
  0x0000000019ad7800 JavaThread "RMI RenewClean-[127.0.0.1:17539,org.jetbrains.kotlin.daemon.common.LoopbackNetworkInterface$ClientLoopbackSocketFactory@6829b635]" daemon [_thread_blocked, id=22420, stack(0x00000000291d0000,0x00000000292d0000)]
  0x000000001a88a800 JavaThread "RMI Scheduler(0)" daemon [_thread_blocked, id=23668, stack(0x00000000290d0000,0x00000000291d0000)]
  0x00000000187d0000 JavaThread "Java2D Disposer" daemon [_thread_blocked, id=9304, stack(0x0000000028fd0000,0x00000000290d0000)]
  0x000000002407d000 JavaThread "Script Update Thread" [_thread_in_Java, id=25392, stack(0x0000000026110000,0x0000000026210000)]
  0x0000000022e87000 JavaThread "Thread-1" daemon [_thread_in_native, id=19232, stack(0x0000000026010000,0x0000000026110000)]
  0x0000000002373800 JavaThread "DestroyJavaVM" [_thread_blocked, id=22972, stack(0x0000000002190000,0x0000000002290000)]
=>0x00000000185d8000 JavaThread "GameThread" [_thread_in_native, id=24628, stack(0x0000000018ae0000,0x0000000018be0000)]
  0x0000000018512000 JavaThread "Service Thread" daemon [_thread_blocked, id=13088, stack(0x00000000188e0000,0x00000000189e0000)]
  0x0000000016bbc000 JavaThread "C1 CompilerThread2" daemon [_thread_blocked, id=23624, stack(0x00000000183e0000,0x00000000184e0000)]
  0x0000000016b97000 JavaThread "C2 CompilerThread1" daemon [_thread_blocked, id=7328, stack(0x00000000182e0000,0x00000000183e0000)]
  0x0000000016b90000 JavaThread "C2 CompilerThread0" daemon [_thread_blocked, id=3372, stack(0x00000000181e0000,0x00000000182e0000)]
  0x0000000016b8e800 JavaThread "Attach Listener" daemon [_thread_blocked, id=14220, stack(0x00000000180e0000,0x00000000181e0000)]
  0x0000000016b8d800 JavaThread "Signal Dispatcher" daemon [_thread_blocked, id=24596, stack(0x0000000017fe0000,0x00000000180e0000)]
  0x000000000246e800 JavaThread "Finalizer" daemon [_thread_blocked, id=8628, stack(0x0000000017df0000,0x0000000017ef0000)]
  0x0000000002465000 JavaThread "Reference Handler" daemon [_thread_blocked, id=21796, stack(0x0000000017cf0000,0x0000000017df0000)]

Other Threads:
  0x0000000016b57800 VMThread [stack: 0x0000000017bf0000,0x0000000017cf0000] [id=8600]
  0x0000000018519800 WatcherThread [stack: 0x00000000189e0000,0x0000000018ae0000] [id=22608]

VM state:not at safepoint (normal execution)

VM Mutex/Monitor currently owned by a thread: None

Heap:
 PSYoungGen      total 166912K, used 61053K [0x00000000d8300000, 0x00000000e5d00000, 0x0000000100000000)
  eden space 148480K, 41% used [0x00000000d8300000,0x00000000dbe9f748,0x00000000e1400000)
  from space 18432K, 0% used [0x00000000e1400000,0x00000000e1400000,0x00000000e2600000)
  to   space 17920K, 0% used [0x00000000e4b80000,0x00000000e4b80000,0x00000000e5d00000)
 ParOldGen       total 105472K, used 30725K [0x0000000088800000, 0x000000008ef00000, 0x00000000d8300000)
  object space 105472K, 29% used [0x0000000088800000,0x000000008a601630,0x000000008ef00000)
 Metaspace       used 36472K, capacity 37739K, committed 37928K, reserved 1081344K
  class space    used 6769K, capacity 6932K, committed 6960K, reserved 1048576K

Card table byte_map: [0x0000000011830000,0x0000000011bf0000] byte_map_base: 0x00000000113ec000

Marking Bits: (ParMarkBitMap*) 0x000000005144d850
 Begin Bits: [0x0000000012270000, 0x0000000014050000)
 End Bits:   [0x0000000014050000, 0x0000000015e30000)

Polling page: 0x0000000000550000

CodeCache: size=245760Kb used=11417Kb max_used=12376Kb free=234342Kb
 bounds [0x0000000002470000, 0x00000000030b0000, 0x0000000011470000]
 total_blobs=4189 nmethods=3155 adapters=947
 compilation: enabled

Compilation events (10 events):
Event: 53.238 Thread 0x0000000016b90000 3839       4       com.morph.engine.graphics.shaders.GUITintShaderUniforms::setUniforms (61 bytes)
Event: 53.255 Thread 0x0000000016b97000 3840       4       com.morph.engine.graphics.shaders.GUITintShaderUniforms::unbind (8 bytes)
Event: 53.258 Thread 0x0000000016b97000 nmethod 3840 0x0000000002b03490 code [0x0000000002b035e0, 0x0000000002b036e8]
Event: 53.323 Thread 0x0000000016b90000 nmethod 3839 0x0000000002afc990 code [0x0000000002afcc40, 0x0000000002afe7b0]
Event: 53.738 Thread 0x0000000016bbc000 3841       3       java.lang.reflect.Method::getParameterCount (6 bytes)
Event: 53.738 Thread 0x0000000016bbc000 nmethod 3841 0x0000000002b06310 code [0x0000000002b06460, 0x0000000002b065b0]
Event: 53.771 Thread 0x0000000016bbc000 3842   !   3       com.sun.proxy.$Proxy1::value (29 bytes)
Event: 53.772 Thread 0x0000000016bbc000 nmethod 3842 0x0000000002b05b90 code [0x0000000002b05d20, 0x0000000002b06158]
Event: 53.872 Thread 0x0000000016bbc000 3843       1       com.morph.engine.events.KeyEvent::getAction (5 bytes)
Event: 53.872 Thread 0x0000000016bbc000 nmethod 3843 0x0000000002b058d0 code [0x0000000002b05a20, 0x0000000002b05b30]

GC Heap History (10 events):
Event: 11.973 GC heap before
{Heap before GC invocations=7 (full 1):
 PSYoungGen      total 66560K, used 61440K [0x00000000d8300000, 0x00000000e2200000, 0x0000000100000000)
  eden space 61440K, 100% used [0x00000000d8300000,0x00000000dbf00000,0x00000000dbf00000)
  from space 5120K, 0% used [0x00000000dbf00000,0x00000000dbf00000,0x00000000dc400000)
  to   space 19968K, 0% used [0x00000000e0e80000,0x00000000e0e80000,0x00000000e2200000)
 ParOldGen       total 84992K, used 28752K [0x0000000088800000, 0x000000008db00000, 0x00000000d8300000)
  object space 84992K, 33% used [0x0000000088800000,0x000000008a414210,0x000000008db00000)
 Metaspace       used 27216K, capacity 27469K, committed 27696K, reserved 1071104K
  class space    used 5308K, capacity 5393K, committed 5424K, reserved 1048576K
Event: 11.988 GC heap after
Heap after GC invocations=7 (full 1):
 PSYoungGen      total 102912K, used 5130K [0x00000000d8300000, 0x00000000e1400000, 0x0000000100000000)
  eden space 97280K, 0% used [0x00000000d8300000,0x00000000d8300000,0x00000000de200000)
  from space 5632K, 91% used [0x00000000e0e80000,0x00000000e1382ad0,0x00000000e1400000)
  to   space 19456K, 0% used [0x00000000dee00000,0x00000000dee00000,0x00000000e0100000)
 ParOldGen       total 84992K, used 28760K [0x0000000088800000, 0x000000008db00000, 0x00000000d8300000)
  object space 84992K, 33% used [0x0000000088800000,0x000000008a416210,0x000000008db00000)
 Metaspace       used 27216K, capacity 27469K, committed 27696K, reserved 1071104K
  class space    used 5308K, capacity 5393K, committed 5424K, reserved 1048576K
}
Event: 16.014 GC heap before
{Heap before GC invocations=8 (full 1):
 PSYoungGen      total 102912K, used 102410K [0x00000000d8300000, 0x00000000e1400000, 0x0000000100000000)
  eden space 97280K, 100% used [0x00000000d8300000,0x00000000de200000,0x00000000de200000)
  from space 5632K, 91% used [0x00000000e0e80000,0x00000000e1382ad0,0x00000000e1400000)
  to   space 19456K, 0% used [0x00000000dee00000,0x00000000dee00000,0x00000000e0100000)
 ParOldGen       total 84992K, used 28760K [0x0000000088800000, 0x000000008db00000, 0x00000000d8300000)
  object space 84992K, 33% used [0x0000000088800000,0x000000008a416210,0x000000008db00000)
 Metaspace       used 30502K, capacity 31081K, committed 31408K, reserved 1075200K
  class space    used 5930K, capacity 6040K, committed 6064K, reserved 1048576K
Event: 16.037 GC heap after
Heap after GC invocations=8 (full 1):
 PSYoungGen      total 129024K, used 5102K [0x00000000d8300000, 0x00000000e3880000, 0x0000000100000000)
  eden space 109568K, 0% used [0x00000000d8300000,0x00000000d8300000,0x00000000dee00000)
  from space 19456K, 26% used [0x00000000dee00000,0x00000000df2fba28,0x00000000e0100000)
  to   space 18944K, 0% used [0x00000000e2600000,0x00000000e2600000,0x00000000e3880000)
 ParOldGen       total 84992K, used 28768K [0x0000000088800000, 0x000000008db00000, 0x00000000d8300000)
  object space 84992K, 33% used [0x0000000088800000,0x000000008a418210,0x000000008db00000)
 Metaspace       used 30502K, capacity 31081K, committed 31408K, reserved 1075200K
  class space    used 5930K, capacity 6040K, committed 6064K, reserved 1048576K
}
Event: 19.408 GC heap before
{Heap before GC invocations=9 (full 1):
 PSYoungGen      total 129024K, used 114670K [0x00000000d8300000, 0x00000000e3880000, 0x0000000100000000)
  eden space 109568K, 100% used [0x00000000d8300000,0x00000000dee00000,0x00000000dee00000)
  from space 19456K, 26% used [0x00000000dee00000,0x00000000df2fba28,0x00000000e0100000)
  to   space 18944K, 0% used [0x00000000e2600000,0x00000000e2600000,0x00000000e3880000)
 ParOldGen       total 84992K, used 28768K [0x0000000088800000, 0x000000008db00000, 0x00000000d8300000)
  object space 84992K, 33% used [0x0000000088800000,0x000000008a418210,0x000000008db00000)
 Metaspace       used 31376K, capacity 32313K, committed 32560K, reserved 1075200K
  class space    used 6077K, capacity 6188K, committed 6192K, reserved 1048576K
Event: 19.467 GC heap after
Heap after GC invocations=9 (full 1):
 PSYoungGen      total 167424K, used 5287K [0x00000000d8300000, 0x00000000e4600000, 0x0000000100000000)
  eden space 148480K, 0% used [0x00000000d8300000,0x00000000d8300000,0x00000000e1400000)
  from space 18944K, 27% used [0x00000000e2600000,0x00000000e2b29fd8,0x00000000e3880000)
  to   space 18432K, 0% used [0x00000000e1400000,0x00000000e1400000,0x00000000e2600000)
 ParOldGen       total 84992K, used 28776K [0x0000000088800000, 0x000000008db00000, 0x00000000d8300000)
  object space 84992K, 33% used [0x0000000088800000,0x000000008a41a210,0x000000008db00000)
 Metaspace       used 31376K, capacity 32313K, committed 32560K, reserved 1075200K
  class space    used 6077K, capacity 6188K, committed 6192K, reserved 1048576K
}
Event: 21.178 GC heap before
{Heap before GC invocations=10 (full 1):
 PSYoungGen      total 167424K, used 39192K [0x00000000d8300000, 0x00000000e4600000, 0x0000000100000000)
  eden space 148480K, 22% used [0x00000000d8300000,0x00000000da41c370,0x00000000e1400000)
  from space 18944K, 27% used [0x00000000e2600000,0x00000000e2b29fd8,0x00000000e3880000)
  to   space 18432K, 0% used [0x00000000e1400000,0x00000000e1400000,0x00000000e2600000)
 ParOldGen       total 84992K, used 28776K [0x0000000088800000, 0x000000008db00000, 0x00000000d8300000)
  object space 84992K, 33% used [0x0000000088800000,0x000000008a41a210,0x000000008db00000)
 Metaspace       used 34120K, capacity 35261K, committed 35496K, reserved 1079296K
  class space    used 6443K, capacity 6568K, committed 6576K, reserved 1048576K
Event: 21.192 GC heap after
Heap after GC invocations=10 (full 1):
 PSYoungGen      total 166912K, used 5395K [0x00000000d8300000, 0x00000000e5d00000, 0x0000000100000000)
  eden space 148480K, 0% used [0x00000000d8300000,0x00000000d8300000,0x00000000e1400000)
  from space 18432K, 29% used [0x00000000e1400000,0x00000000e1944f20,0x00000000e2600000)
  to   space 17920K, 0% used [0x00000000e4b80000,0x00000000e4b80000,0x00000000e5d00000)
 ParOldGen       total 84992K, used 28784K [0x0000000088800000, 0x000000008db00000, 0x00000000d8300000)
  object space 84992K, 33% used [0x0000000088800000,0x000000008a41c210,0x000000008db00000)
 Metaspace       used 34120K, capacity 35261K, committed 35496K, reserved 1079296K
  class space    used 6443K, capacity 6568K, committed 6576K, reserved 1048576K
}
Event: 21.192 GC heap before
{Heap before GC invocations=11 (full 2):
 PSYoungGen      total 166912K, used 5395K [0x00000000d8300000, 0x00000000e5d00000, 0x0000000100000000)
  eden space 148480K, 0% used [0x00000000d8300000,0x00000000d8300000,0x00000000e1400000)
  from space 18432K, 29% used [0x00000000e1400000,0x00000000e1944f20,0x00000000e2600000)
  to   space 17920K, 0% used [0x00000000e4b80000,0x00000000e4b80000,0x00000000e5d00000)
 ParOldGen       total 84992K, used 28784K [0x0000000088800000, 0x000000008db00000, 0x00000000d8300000)
  object space 84992K, 33% used [0x0000000088800000,0x000000008a41c210,0x000000008db00000)
 Metaspace       used 34120K, capacity 35261K, committed 35496K, reserved 1079296K
  class space    used 6443K, capacity 6568K, committed 6576K, reserved 1048576K
Event: 21.350 GC heap after
Heap after GC invocations=11 (full 2):
 PSYoungGen      total 166912K, used 0K [0x00000000d8300000, 0x00000000e5d00000, 0x0000000100000000)
  eden space 148480K, 0% used [0x00000000d8300000,0x00000000d8300000,0x00000000e1400000)
  from space 18432K, 0% used [0x00000000e1400000,0x00000000e1400000,0x00000000e2600000)
  to   space 17920K, 0% used [0x00000000e4b80000,0x00000000e4b80000,0x00000000e5d00000)
 ParOldGen       total 105472K, used 30725K [0x0000000088800000, 0x000000008ef00000, 0x00000000d8300000)
  object space 105472K, 29% used [0x0000000088800000,0x000000008a601630,0x000000008ef00000)
 Metaspace       used 34059K, capacity 35101K, committed 35496K, reserved 1079296K
  class space    used 6441K, capacity 6560K, committed 6576K, reserved 1048576K
}

Deoptimization events (10 events):
Event: 36.438 Thread 0x000000001a88a800 Uncommon trap: reason=unstable_if action=reinterpret pc=0x000000000260a9f8 method=java.util.concurrent.locks.AbstractQueuedSynchronizer.release(I)Z @ 14
Event: 41.567 Thread 0x00000000185d8000 Uncommon trap: reason=bimorphic action=maybe_recompile pc=0x00000000029c9a74 method=java.util.stream.ReduceOps$3ReducingSink.begin(J)V @ 5
Event: 41.567 Thread 0x00000000185d8000 Uncommon trap: reason=bimorphic action=maybe_recompile pc=0x0000000002a830d4 method=java.util.stream.ReferencePipeline$2$1.accept(Ljava/lang/Object;)V @ 8
Event: 41.567 Thread 0x00000000185d8000 Uncommon trap: reason=bimorphic action=maybe_recompile pc=0x0000000002a830d4 method=java.util.stream.ReferencePipeline$2$1.accept(Ljava/lang/Object;)V @ 8
Event: 41.567 Thread 0x00000000185d8000 Uncommon trap: reason=bimorphic action=maybe_recompile pc=0x0000000002a830d4 method=java.util.stream.ReferencePipeline$2$1.accept(Ljava/lang/Object;)V @ 8
Event: 41.567 Thread 0x00000000185d8000 Uncommon trap: reason=bimorphic action=maybe_recompile pc=0x0000000002a830d4 method=java.util.stream.ReferencePipeline$2$1.accept(Ljava/lang/Object;)V @ 8
Event: 41.568 Thread 0x00000000185d8000 Uncommon trap: reason=bimorphic action=maybe_recompile pc=0x00000000029c9a74 method=java.util.stream.ReduceOps$3ReducingSink.begin(J)V @ 5
Event: 41.569 Thread 0x00000000185d8000 Uncommon trap: reason=bimorphic action=maybe_recompile pc=0x00000000029c9a74 method=java.util.stream.ReduceOps$3ReducingSink.begin(J)V @ 5
Event: 41.569 Thread 0x00000000185d8000 Uncommon trap: reason=bimorphic action=maybe_recompile pc=0x00000000029c9a74 method=java.util.stream.ReduceOps$3ReducingSink.begin(J)V @ 5
Event: 41.583 Thread 0x00000000185d8000 Uncommon trap: reason=unstable_if action=reinterpret pc=0x00000000029bf0b8 method=com.morph.engine.input.Keyboard.clear()V @ 14

Internal exceptions (10 events):
Event: 33.759 Thread 0x00000000185d8000 Exception <a 'java/io/FileNotFoundException'> (0x00000000d9581540) thrown at [C:\re\workspace\8-2-build-windows-amd64-cygwin\jdk8u144\9417\hotspot\src\share\vm\prims\jni.cpp, line 709]
Event: 33.763 Thread 0x00000000185d8000 Exception <a 'java/io/FileNotFoundException'> (0x00000000d958ecb0) thrown at [C:\re\workspace\8-2-build-windows-amd64-cygwin\jdk8u144\9417\hotspot\src\share\vm\prims\jni.cpp, line 709]
Event: 33.763 Thread 0x00000000185d8000 Exception <a 'java/io/FileNotFoundException'> (0x00000000d95917a8) thrown at [C:\re\workspace\8-2-build-windows-amd64-cygwin\jdk8u144\9417\hotspot\src\share\vm\prims\jni.cpp, line 709]
Event: 33.764 Thread 0x00000000185d8000 Exception <a 'java/io/FileNotFoundException'> (0x00000000d9593ba0) thrown at [C:\re\workspace\8-2-build-windows-amd64-cygwin\jdk8u144\9417\hotspot\src\share\vm\prims\jni.cpp, line 709]
Event: 33.914 Thread 0x0000000024b5a000 Exception <a 'java/lang/InterruptedException'> (0x00000000d964e3b0) thrown at [C:\re\workspace\8-2-build-windows-amd64-cygwin\jdk8u144\9417\hotspot\src\share\vm\runtime\objectMonitor.cpp, line 1684]
Event: 35.219 Thread 0x0000000024b54800 Exception <a 'java/lang/InterruptedException'> (0x00000000d9889c40) thrown at [C:\re\workspace\8-2-build-windows-amd64-cygwin\jdk8u144\9417\hotspot\src\share\vm\runtime\objectMonitor.cpp, line 1684]
Event: 42.033 Thread 0x0000000024b55800 Exception <a 'java/lang/InterruptedException'> (0x00000000da4d5aa8) thrown at [C:\re\workspace\8-2-build-windows-amd64-cygwin\jdk8u144\9417\hotspot\src\share\vm\runtime\objectMonitor.cpp, line 1684]
Event: 42.685 Thread 0x00000000185d8000 Exception <a 'java/lang/NoSuchMethodError': <clinit>> (0x00000000da496ab8) thrown at [C:\re\workspace\8-2-build-windows-amd64-cygwin\jdk8u144\9417\hotspot\src\share\vm\prims\jni.cpp, line 1613]
Event: 44.395 Thread 0x0000000024b56000 Exception <a 'java/lang/InterruptedException'> (0x00000000da913870) thrown at [C:\re\workspace\8-2-build-windows-amd64-cygwin\jdk8u144\9417\hotspot\src\share\vm\runtime\objectMonitor.cpp, line 1684]
Event: 50.089 Thread 0x0000000024b57000 Exception <a 'java/lang/InterruptedException'> (0x00000000db358e18) thrown at [C:\re\workspace\8-2-build-windows-amd64-cygwin\jdk8u144\9417\hotspot\src\share\vm\runtime\objectMonitor.cpp, line 1684]

Events (10 events):
Event: 51.467 Executing VM operation: RevokeBias
Event: 51.467 Executing VM operation: RevokeBias done
Event: 51.468 Executing VM operation: RevokeBias
Event: 51.468 Executing VM operation: RevokeBias done
Event: 54.061 Executing VM operation: RevokeBias
Event: 54.061 Executing VM operation: RevokeBias done
Event: 54.061 Executing VM operation: RevokeBias
Event: 54.061 Executing VM operation: RevokeBias done
Event: 54.061 Executing VM operation: RevokeBias
Event: 54.061 Executing VM operation: RevokeBias done


Dynamic libraries:
0x00007ff64b130000 - 0x00007ff64b167000 	C:\Program Files\Java\jdk1.8.0_144\bin\java.exe
0x00007ffca14f0000 - 0x00007ffca16cb000 	C:\windows\SYSTEM32\ntdll.dll
0x00007ffc9f370000 - 0x00007ffc9f41e000 	C:\windows\System32\KERNEL32.DLL
0x00007ffc9e170000 - 0x00007ffc9e3b9000 	C:\windows\System32\KERNELBASE.dll
0x00007ffc9f120000 - 0x00007ffc9f1c1000 	C:\windows\System32\ADVAPI32.dll
0x00007ffc9f4f0000 - 0x00007ffc9f58d000 	C:\windows\System32\msvcrt.dll
0x00007ffca0ce0000 - 0x00007ffca0d39000 	C:\windows\System32\sechost.dll
0x00007ffc9eff0000 - 0x00007ffc9f115000 	C:\windows\System32\RPCRT4.dll
0x00007ffca0b60000 - 0x00007ffca0caa000 	C:\windows\System32\USER32.dll
0x00007ffc9e6c0000 - 0x00007ffc9e6de000 	C:\windows\System32\win32u.dll
0x00007ffc9ecc0000 - 0x00007ffc9ece7000 	C:\windows\System32\GDI32.dll
0x00007ffc9e470000 - 0x00007ffc9e5f7000 	C:\windows\System32\gdi32full.dll
0x00007ffc9e9b0000 - 0x00007ffc9ea4a000 	C:\windows\System32\msvcp_win.dll
0x00007ffc9e6e0000 - 0x00007ffc9e7d6000 	C:\windows\System32\ucrtbase.dll
0x00007ffc898a0000 - 0x00007ffc89b07000 	C:\windows\WinSxS\amd64_microsoft.windows.common-controls_6595b64144ccf1df_6.0.15063.483_none_26002d27e7c744a2\COMCTL32.dll
0x00007ffc9ecf0000 - 0x00007ffc9efe9000 	C:\windows\System32\combase.dll
0x00007ffc9e650000 - 0x00007ffc9e6ba000 	C:\windows\System32\bcryptPrimitives.dll
0x00007ffca0cb0000 - 0x00007ffca0cdd000 	C:\windows\System32\IMM32.DLL
0x0000000054a40000 - 0x0000000054b12000 	C:\Program Files\Java\jdk1.8.0_144\jre\bin\msvcr100.dll
0x0000000050c30000 - 0x00000000514cd000 	C:\Program Files\Java\jdk1.8.0_144\jre\bin\server\jvm.dll
0x00007ffca0e20000 - 0x00007ffca0e28000 	C:\windows\System32\PSAPI.DLL
0x00007ffc98990000 - 0x00007ffc98999000 	C:\windows\SYSTEM32\WSOCK32.dll
0x00007ffc92de0000 - 0x00007ffc92e03000 	C:\windows\SYSTEM32\WINMM.dll
0x00007ffca0ad0000 - 0x00007ffca0b3c000 	C:\windows\System32\WS2_32.dll
0x00007ffc93650000 - 0x00007ffc9365a000 	C:\windows\SYSTEM32\VERSION.dll
0x00007ffc92c60000 - 0x00007ffc92c8b000 	C:\windows\SYSTEM32\WINMMBASE.dll
0x00007ffc9e600000 - 0x00007ffc9e649000 	C:\windows\System32\cfgmgr32.dll
0x0000000054b60000 - 0x0000000054b6f000 	C:\Program Files\Java\jdk1.8.0_144\jre\bin\verify.dll
0x0000000054a10000 - 0x0000000054a39000 	C:\Program Files\Java\jdk1.8.0_144\jre\bin\java.dll
0x0000000054b40000 - 0x0000000054b56000 	C:\Program Files\Java\jdk1.8.0_144\jre\bin\zip.dll
0x00007ffc9f690000 - 0x00007ffca0ac6000 	C:\windows\System32\SHELL32.dll
0x00007ffc9ea60000 - 0x00007ffc9eb0a000 	C:\windows\System32\shcore.dll
0x00007ffc9da10000 - 0x00007ffc9e101000 	C:\windows\System32\windows.storage.dll
0x00007ffc9f590000 - 0x00007ffc9f5e1000 	C:\windows\System32\shlwapi.dll
0x00007ffc9d9a0000 - 0x00007ffc9d9b1000 	C:\windows\System32\kernel.appcore.dll
0x00007ffc9d9c0000 - 0x00007ffc9da0c000 	C:\windows\System32\powrprof.dll
0x00007ffc9d960000 - 0x00007ffc9d975000 	C:\windows\System32\profapi.dll
0x0000000054390000 - 0x00000000543aa000 	C:\Program Files\Java\jdk1.8.0_144\jre\bin\net.dll
0x00007ffc9d210000 - 0x00007ffc9d26c000 	C:\windows\system32\mswsock.dll
0x0000000054170000 - 0x0000000054181000 	C:\Program Files\Java\jdk1.8.0_144\jre\bin\nio.dll
0x00007ffc82d40000 - 0x00007ffc82d95000 	C:\Users\TheFa\AppData\Local\Temp\lwjglTheFa\3.0.1-build-35\lwjgl.dll
0x00007ffc91440000 - 0x00007ffc9147b000 	C:\Users\TheFa\AppData\Local\Temp\lwjglTheFa\3.0.1-build-35\jemalloc.dll
0x00007ffc9d3b0000 - 0x00007ffc9d3bb000 	C:\windows\SYSTEM32\CRYPTBASE.DLL
0x00007ffc8af00000 - 0x00007ffc8af3c000 	C:\Users\TheFa\AppData\Local\Temp\lwjglTheFa\3.0.1-build-35\glfw.dll
0x00007ffc9c1a0000 - 0x00007ffc9c235000 	C:\windows\system32\uxtheme.dll
0x00007ffc86880000 - 0x00007ffc868c2000 	C:\windows\SYSTEM32\dinput8.dll
0x00007ffc97ff0000 - 0x00007ffc97ffe000 	C:\windows\SYSTEM32\xinput1_4.dll
0x00007ffc9c450000 - 0x00007ffc9c478000 	C:\windows\SYSTEM32\DEVOBJ.dll
0x00007ffc99fd0000 - 0x00007ffc99ffa000 	C:\windows\SYSTEM32\dwmapi.dll
0x00007ffc8dbf0000 - 0x00007ffc8dc91000 	C:\Program Files\Common Files\microsoft shared\ink\tiptsf.dll
0x00007ffc9f430000 - 0x00007ffc9f4f0000 	C:\windows\System32\OLEAUT32.dll
0x00007ffc9c820000 - 0x00007ffc9c82d000 	C:\windows\SYSTEM32\HID.DLL
0x00007ffca0e30000 - 0x00007ffca126b000 	C:\windows\System32\SETUPAPI.DLL
0x00007ffc9e110000 - 0x00007ffc9e166000 	C:\windows\System32\WINTRUST.dll
0x00007ffc9d980000 - 0x00007ffc9d991000 	C:\windows\System32\MSASN1.dll
0x00007ffc9e7e0000 - 0x00007ffc9e9a9000 	C:\windows\System32\CRYPT32.dll
0x00007ffca1270000 - 0x00007ffca13d6000 	C:\windows\System32\MSCTF.dll
0x00007ffc76ff0000 - 0x00007ffc77111000 	C:\windows\SYSTEM32\opengl32.dll
0x00007ffc8ba00000 - 0x00007ffc8ba2c000 	C:\windows\SYSTEM32\GLU32.dll
0x00007ffc8b9e0000 - 0x00007ffc8b9ff000 	C:\windows\System32\DriverStore\FileRepository\c0311401.inf_amd64_7990d65f3cc7e31f\atig6pxx.dll
0x0000000074860000 - 0x0000000076813000 	C:\windows\System32\DriverStore\FileRepository\c0311401.inf_amd64_7990d65f3cc7e31f\atio6axx.dll
0x00007ffc8e980000 - 0x00007ffc8e9a2000 	C:\windows\SYSTEM32\dxva2.dll
0x00007ffc84730000 - 0x00007ffc84763000 	C:\windows\System32\DriverStore\FileRepository\c0311401.inf_amd64_7990d65f3cc7e31f\atig6txx.dll
0x00007ffc70ab0000 - 0x00007ffc70c04000 	C:\windows\SYSTEM32\atiadlxx.dll
0x00007ffc9eb70000 - 0x00007ffc9ecb5000 	C:\windows\System32\ole32.dll
0x00007ffc9a510000 - 0x00007ffc9a6a6000 	C:\windows\SYSTEM32\PROPSYS.dll
0x00007ffc9d860000 - 0x00007ffc9d889000 	C:\windows\SYSTEM32\USERENV.dll
0x00007ffc9a260000 - 0x00007ffc9a273000 	C:\windows\SYSTEM32\WTSAPI32.dll
0x00007ffc9cfb0000 - 0x00007ffc9cfe7000 	C:\windows\SYSTEM32\IPHLPAPI.DLL
0x00007ffc8d460000 - 0x00007ffc8d4e2000 	C:\windows\System32\TextInputFramework.dll
0x00007ffc9ba50000 - 0x00007ffc9bb33000 	C:\windows\System32\CoreMessaging.dll
0x00007ffc8f410000 - 0x00007ffc8f6e2000 	C:\windows\System32\CoreUIComponents.dll
0x00007ffc9cb70000 - 0x00007ffc9cba1000 	C:\windows\SYSTEM32\ntmarta.dll
0x00007ffc99d50000 - 0x00007ffc99e89000 	C:\windows\SYSTEM32\wintypes.dll
0x00007ffc9aa20000 - 0x00007ffc9aa35000 	C:\windows\SYSTEM32\usermgrcli.dll
0x00007ffc9f5f0000 - 0x00007ffc9f68e000 	C:\windows\System32\clbcatq.dll
0x00007ffc9d3c0000 - 0x00007ffc9d3d7000 	C:\windows\SYSTEM32\CRYPTSP.dll
0x00007ffc9ce30000 - 0x00007ffc9ce64000 	C:\windows\system32\rsaenh.dll
0x00007ffc9d790000 - 0x00007ffc9d7b5000 	C:\windows\SYSTEM32\bcrypt.dll
0x00007ffc9ea50000 - 0x00007ffc9ea58000 	C:\windows\System32\NSI.dll
0x00007ffc978d0000 - 0x00007ffc978e6000 	C:\windows\SYSTEM32\dhcpcsvc6.DLL
0x00007ffc97f50000 - 0x00007ffc97f6a000 	C:\windows\SYSTEM32\dhcpcsvc.DLL
0x000000006e4c0000 - 0x000000006e4df000 	C:\Users\TheFa\AppData\Local\Temp\jffi5360258052732812239.dll
0x00007ffc7fa30000 - 0x00007ffc7faa4000 	C:\Users\TheFa\AppData\Local\Temp\lwjglTheFa\3.0.1-build-35\lwjgl_stb.dll
0x0000000053240000 - 0x00000000533d8000 	C:\Program Files\Java\jdk1.8.0_144\jre\bin\awt.dll
0x00007ffc9c010000 - 0x00007ffc9c08e000 	C:\windows\SYSTEM32\apphelp.dll
0x00007ffc8b860000 - 0x00007ffc8b87e000 	C:\Users\TheFa\AppData\Local\Temp\native-platform4289710793344623510dir\native-platform.dll
0x00007ffc8b5c0000 - 0x00007ffc8b785000 	C:\Windows\System32\uiautomationcore.dll
0x00007ffc9d7c0000 - 0x00007ffc9d85a000 	C:\windows\SYSTEM32\sxs.dll
0x00007ffc92660000 - 0x00007ffc926cb000 	C:\Windows\System32\OLEACC.dll
0x00007ffc9a350000 - 0x00007ffc9a4f9000 	C:\windows\SYSTEM32\dbghelp.dll

VM Arguments:
jvm_args: -Dfile.encoding=windows-1252 -Duser.country=US -Duser.language=en -Duser.variant 
java_command: com.morph.engine.core.EngineLauncher
java_class_path (initial): C:\Users\TheFa\Documents\CS\Projects\Personal\Morph\build\classes\main;C:\Users\TheFa\Documents\CS\Projects\Personal\Morph\build\resources\main;C:\Users\TheFa\.gradle\caches\modules-2\files-2.1\org.lwjgl\lwjgl\3.0.1-SNAPSHOT\7401b0a236b31d10e915a4ac739dea90d1d4267a\lwjgl-3.0.1-SNAPSHOT.jar;C:\Users\TheFa\.gradle\caches\modules-2\files-2.1\org.lwjgl\lwjgl\3.0.1-SNAPSHOT\1d17decdb7571e1d3e502d8014e0288978da1d6d\lwjgl-3.0.1-SNAPSHOT-natives-windows.jar;C:\Users\TheFa\.gradle\caches\modules-2\files-2.1\org.lwjgl\lwjgl-egl\3.0.1-SNAPSHOT\e9820e483916afa67d0d77b986bfe32fa0461d33\lwjgl-egl-3.0.1-SNAPSHOT.jar;C:\Users\TheFa\.gradle\caches\modules-2\files-2.1\org.lwjgl\lwjgl-glfw\3.0.1-SNAPSHOT\49562fcc0f18669f1b521894d548151c02f72967\lwjgl-glfw-3.0.1-SNAPSHOT.jar;C:\Users\TheFa\.gradle\caches\modules-2\files-2.1\org.lwjgl\lwjgl-glfw\3.0.1-SNAPSHOT\e4faae904c68998fdcbcf008682f10bc5adb7d60\lwjgl-glfw-3.0.1-SNAPSHOT-natives-windows.jar;C:\Users\TheFa\.gradle\caches\modules-2\files-2.1\org.lwjgl\lwjgl-jawt\3.0.1-SNAPSHOT\46345991f2766add54a12b7f8117467714920e85\lwjgl-jawt-3.0.1-SNAPSHOT.jar;C:\Users\TheFa\.gradle\caches\modules-2\files-2.1\org.lwjgl\lwjgl-jemalloc\3.0.1-SNAPSHOT\7630295d6bc4ec9c2afbc92dedd69841a78b2795\lwjgl-jemalloc-3.0.1-SNAPSHOT.jar;C:\Users\TheFa\.gradle\caches\modules-2\files-2.1\org.lwjgl\lwjgl-jemalloc\3.0.1-SNAPSHOT\1390bc6f4282cf33f4f31608ce89ac64fd581edc\lwjgl-jemalloc-3.0.1-SNAPSHOT-natives-windows.jar;C:\Users\TheFa\.gradle\caches\modules-2\files-2.1\org.lwjgl\lwjgl-lmdb\3.0.1-SNAPSHOT\33615ca47776c80457d23d3e9c0a7d1156b0eb1c\lwjgl-lmdb-3.0.1-SNAPSHOT.jar;C:\Users\TheFa\.gradle\caches\modules-2\files-2.1\org.lwjgl\lwjgl-lmdb\3.0.1-SNAPSHOT\8d319032339e01aba96c7086f1f0cf30e252d907\lwjgl-lmdb-3.0.1-SNAPSHOT-natives-windows.jar;C:\Users\TheFa\.gradle\caches\modules-2\files-2.1\org.lwjgl\lwjgl-nanovg\3.0.1-SNAPSHOT\f30b3dd11c06aae8d5b242ddedac371fe264ace\lwjgl-nanovg-3.0.1-SNAPSHOT.jar;C:\Users\TheFa\.gradle\caches\modules-2
Launcher Type: SUN_STANDARD

Environment Variables:
PATH=C:\Program Files\Haskell\bin;C:\Program Files\Haskell Platform\8.2.1\lib\extralibs\bin;C:\Program Files\Haskell Platform\8.2.1\bin;C:\ProgramData\Oracle\Java\javapath;C:\windows\system32;C:\windows;C:\windows\System32\Wbem;C:\windows\System32\WindowsPowerShell\v1.0\;C:\Program Files\Haskell Platform\8.2.1\mingw\bin;C:\Program Files\Java\jdk1.8.0_144\bin;C:\Program Files\Git\cmd;C:\Gradle\gradle-4.1\bin;C:\Users\TheFa\AppData\Local\Programs\Python\Python36-32\Scripts\;C:\Users\TheFa\AppData\Local\Programs\Python\Python36-32\;C:\Users\TheFa\AppData\Roaming\cabal\bin;C:\Users\TheFa\AppData\Roaming\local\bin;C:\Users\TheFa\AppData\Local\Microsoft\WindowsApps;C:\ProgramData\TheFa\atom\bin
USERNAME=TheFa
OS=Windows_NT
PROCESSOR_IDENTIFIER=AMD64 Family 21 Model 101 Stepping 1, AuthenticAMD



---------------  S Y S T E M  ---------------

OS: Windows 10.0 , 64 bit Build 15063 (10.0.15063.296)

CPU:total 4 (initial active 4) (4 cores per cpu, 1 threads per core) family 21 model 101 stepping 1, cmov, cx8, fxsr, mmx, sse, sse2, sse3, ssse3, sse4.1, sse4.2, popcnt, avx, avx2, aes, clmul, mmxext, 3dnowpref, lzcnt, sse4a, tsc, tscinvbit, tscinv, bmi1

Memory: 4k page, physical 7830712k(1186624k free), swap 10870116k(1175440k free)

vm_info: Java HotSpot(TM) 64-Bit Server VM (25.144-b01) for windows-amd64 JRE (1.8.0_144-b01), built on Jul 21 2017 21:57:33 by "java_re" with MS VC++ 10.0 (VS2010)

time: Sat Nov 25 15:36:47 2017
elapsed time: 54 seconds (0d 0h 0m 54s)

